


ARM Macro Assembler    Page 1 


    1 00000000         ; <h> Stack Configuration
    2 00000000         ;   <o> Stack Size (in Bytes) <0x0-0xFFFFFFFF:8>
    3 00000000         ; </h>
    4 00000000         
    5 00000000 00003000 
                       Stack_Size
                               EQU              0x0003000
    6 00000000         
    7 00000000                 AREA             STACK, NOINIT, READWRITE, ALIGN
=3
    8 00000000         Stack_Mem
                               SPACE            Stack_Size
    9 00003000         __initial_sp
   10 00003000         
   11 00003000         
   12 00003000         ; <h> Heap Configuration
   13 00003000         ;   <o>  Heap Size (in Bytes) <0x0-0xFFFFFFFF:8>
   14 00003000         ; </h>
   15 00003000         
   16 00003000 00000000 
                       Heap_Size
                               EQU              0x00000000
   17 00003000         
   18 00003000                 AREA             HEAP, NOINIT, READWRITE, ALIGN=
3
   19 00000000         __heap_base
   20 00000000         Heap_Mem
                               SPACE            Heap_Size
   21 00000000         __heap_limit
   22 00000000         
   23 00000000         
   24 00000000                 PRESERVE8
   25 00000000                 THUMB
   26 00000000         
   27 00000000         
   28 00000000         ; Vector Table Mapped to Address 0 at Reset
   29 00000000         
   30 00000000                 AREA             RESET, DATA, READONLY
   31 00000000                 EXPORT           __Vectors
   32 00000000         
   33 00000000 00000000 
                       __Vectors
                               DCD              __initial_sp ; Top of Stack
   34 00000004 00000000        DCD              Reset_Handler ; Reset Handler
   35 00000008 00000000        DCD              NMI_Handler ; NMI Handler
   36 0000000C 00000000        DCD              HardFault_Handler ; Hard Fault 
                                                            Handler
   37 00000010 00000000        DCD              MemManage_Handler 
                                                            ; MPU Fault Handler
                                                            
   38 00000014 00000000        DCD              BusFault_Handler 
                                                            ; Bus Fault Handler
                                                            
   39 00000018 00000000        DCD              UsageFault_Handler ; Usage Faul
                                                            t Handler
   40 0000001C 00000000        DCD              0           ; Reserved
   41 00000020 00000000        DCD              0           ; Reserved
   42 00000024 00000000        DCD              0           ; Reserved
   43 00000028 00000000        DCD              0           ; Reserved



ARM Macro Assembler    Page 2 


   44 0000002C 00000000        DCD              SVC_Handler ; SVCall Handler
   45 00000030 00000000        DCD              DebugMon_Handler ; Debug Monito
                                                            r Handler
   46 00000034 00000000        DCD              0           ; Reserved
   47 00000038 00000000        DCD              PendSV_Handler ; PendSV Handler
                                                            
   48 0000003C 00000000        DCD              SysTick_Handler 
                                                            ; SysTick Handler
   49 00000040         
   50 00000040         ; External Interrupts
   51 00000040 00000000        DCD              WDT_IRQHandler ; 16: Watchdog T
                                                            imer
   52 00000044 00000000        DCD              TIMER0_IRQHandler ; 17: Timer0
   53 00000048 00000000        DCD              TIMER1_IRQHandler ; 18: Timer1
   54 0000004C 00000000        DCD              TIMER2_IRQHandler ; 19: Timer2
   55 00000050 00000000        DCD              TIMER3_IRQHandler ; 20: Timer3
   56 00000054 00000000        DCD              UART0_IRQHandler ; 21: UART0
   57 00000058 00000000        DCD              UART1_IRQHandler ; 22: UART1
   58 0000005C 00000000        DCD              UART2_IRQHandler ; 23: UART2
   59 00000060 00000000        DCD              UART3_IRQHandler ; 24: UART3
   60 00000064 00000000        DCD              PWM1_IRQHandler ; 25: PWM1
   61 00000068 00000000        DCD              I2C0_IRQHandler ; 26: I2C0
   62 0000006C 00000000        DCD              I2C1_IRQHandler ; 27: I2C1
   63 00000070 00000000        DCD              I2C2_IRQHandler ; 28: I2C2
   64 00000074 00000000        DCD              SPI_IRQHandler ; 29: SPI
   65 00000078 00000000        DCD              SSP0_IRQHandler ; 30: SSP0
   66 0000007C 00000000        DCD              SSP1_IRQHandler ; 31: SSP1
   67 00000080 00000000        DCD              PLL0_IRQHandler ; 32: PLL0 Lock
                                                             (Main PLL)
   68 00000084 00000000        DCD              RTC_IRQHandler ; 33: Real Time 
                                                            Clock
   69 00000088 00000000        DCD              EINT0_IRQHandler ; 34: External
                                                             Interrupt 0
   70 0000008C 00000000        DCD              EINT1_IRQHandler ; 35: External
                                                             Interrupt 1
   71 00000090 00000000        DCD              EINT2_IRQHandler ; 36: External
                                                             Interrupt 2
   72 00000094 00000000        DCD              EINT3_IRQHandler ; 37: External
                                                             Interrupt 3
   73 00000098 00000000        DCD              ADC_IRQHandler 
                                                            ; 38: A/D Converter
                                                            
   74 0000009C 00000000        DCD              BOD_IRQHandler ; 39: Brown-Out 
                                                            Detect
   75 000000A0 00000000        DCD              USB_IRQHandler ; 40: USB
   76 000000A4 00000000        DCD              CAN_IRQHandler ; 41: CAN
   77 000000A8 00000000        DCD              DMA_IRQHandler ; 42: General Pu
                                                            rpose DMA
   78 000000AC 00000000        DCD              I2S_IRQHandler ; 43: I2S
   79 000000B0 00000000        DCD              ENET_IRQHandler ; 44: Ethernet
   80 000000B4 00000000        DCD              RIT_IRQHandler ; 45: Repetitive
                                                             Interrupt Timer
   81 000000B8 00000000        DCD              MCPWM_IRQHandler ; 46: Motor Co
                                                            ntrol PWM
   82 000000BC 00000000        DCD              QEI_IRQHandler ; 47: Quadrature
                                                             Encoder Interface
   83 000000C0 00000000        DCD              PLL1_IRQHandler ; 48: PLL1 Lock
                                                             (USB PLL)
   84 000000C4 00000000        DCD              USBActivity_IRQHandler ; USB Ac



ARM Macro Assembler    Page 3 


                                                            tivity interrupt to
                                                             wakeup
   85 000000C8 00000000        DCD              CANActivity_IRQHandler ; CAN Ac
                                                            tivity interrupt to
                                                             wakeup
   86 000000CC         
   87 000000CC         
   88 000000CC                 IF               :LNOT::DEF:NO_CRP
   89 000000CC                 AREA             |.ARM.__at_0x02FC|, CODE, READO
NLY
   90 00000000 FFFFFFFF 
                       CRP_Key DCD              0xFFFFFFFF
   91 00000004                 ENDIF
   92 00000004         
   93 00000004         
   94 00000004                 AREA             |.text|, CODE, READONLY
   95 00000000         
   96 00000000         
   97 00000000         ; Reset Handler
   98 00000000         
   99 00000000         Reset_Handler
                               PROC
  100 00000000                 EXPORT           Reset_Handler             [WEAK
]
  101 00000000                 IMPORT           __main
  102 00000000 4808            LDR              R0, =__main
  103 00000002 4700            BX               R0
  104 00000004                 ENDP
  105 00000004         
  106 00000004         
  107 00000004         ; Dummy Exception Handlers (infinite loops which can be 
                       modified)                
  108 00000004         
  109 00000004         NMI_Handler
                               PROC
  110 00000004                 EXPORT           NMI_Handler               [WEAK
]
  111 00000004 E7FE            B                .
  112 00000006                 ENDP
  114 00000006         HardFault_Handler
                               PROC
  115 00000006                 EXPORT           HardFault_Handler         [WEAK
]
  116 00000006 E7FE            B                .
  117 00000008                 ENDP
  119 00000008         MemManage_Handler
                               PROC
  120 00000008                 EXPORT           MemManage_Handler         [WEAK
]
  121 00000008 E7FE            B                .
  122 0000000A                 ENDP
  124 0000000A         BusFault_Handler
                               PROC
  125 0000000A                 EXPORT           BusFault_Handler          [WEAK
]
  126 0000000A E7FE            B                .
  127 0000000C                 ENDP
  129 0000000C         UsageFault_Handler
                               PROC



ARM Macro Assembler    Page 4 


  130 0000000C                 EXPORT           UsageFault_Handler        [WEAK
]
  131 0000000C E7FE            B                .
  132 0000000E                 ENDP
  133 0000000E         SVC_Handler
                               PROC
  134 0000000E                 EXPORT           SVC_Handler               [WEAK
]
  135 0000000E E7FE            B                .
  136 00000010                 ENDP
  138 00000010         DebugMon_Handler
                               PROC
  139 00000010                 EXPORT           DebugMon_Handler          [WEAK
]
  140 00000010 E7FE            B                .
  141 00000012                 ENDP
  142 00000012         PendSV_Handler
                               PROC
  143 00000012                 EXPORT           PendSV_Handler            [WEAK
]
  144 00000012 E7FE            B                .
  145 00000014                 ENDP
  146 00000014         SysTick_Handler
                               PROC
  147 00000014                 EXPORT           SysTick_Handler           [WEAK
]
  148 00000014 E7FE            B                .
  149 00000016                 ENDP
  150 00000016         
  151 00000016         Default_Handler
                               PROC
  152 00000016         
  153 00000016                 EXPORT           WDT_IRQHandler            [WEAK
]
  154 00000016                 EXPORT           TIMER0_IRQHandler         [WEAK
]
  155 00000016                 EXPORT           TIMER1_IRQHandler         [WEAK
]
  156 00000016                 EXPORT           TIMER2_IRQHandler         [WEAK
]
  157 00000016                 EXPORT           TIMER3_IRQHandler         [WEAK
]
  158 00000016                 EXPORT           UART0_IRQHandler          [WEAK
]
  159 00000016                 EXPORT           UART1_IRQHandler          [WEAK
]
  160 00000016                 EXPORT           UART2_IRQHandler          [WEAK
]
  161 00000016                 EXPORT           UART3_IRQHandler          [WEAK
]
  162 00000016                 EXPORT           PWM1_IRQHandler           [WEAK
]
  163 00000016                 EXPORT           I2C0_IRQHandler           [WEAK
]
  164 00000016                 EXPORT           I2C1_IRQHandler           [WEAK
]
  165 00000016                 EXPORT           I2C2_IRQHandler           [WEAK
]
  166 00000016                 EXPORT           SPI_IRQHandler            [WEAK



ARM Macro Assembler    Page 5 


]
  167 00000016                 EXPORT           SSP0_IRQHandler           [WEAK
]
  168 00000016                 EXPORT           SSP1_IRQHandler           [WEAK
]
  169 00000016                 EXPORT           PLL0_IRQHandler           [WEAK
]
  170 00000016                 EXPORT           RTC_IRQHandler            [WEAK
]
  171 00000016                 EXPORT           EINT0_IRQHandler          [WEAK
]
  172 00000016                 EXPORT           EINT1_IRQHandler          [WEAK
]
  173 00000016                 EXPORT           EINT2_IRQHandler          [WEAK
]
  174 00000016                 EXPORT           EINT3_IRQHandler          [WEAK
]
  175 00000016                 EXPORT           ADC_IRQHandler            [WEAK
]
  176 00000016                 EXPORT           BOD_IRQHandler            [WEAK
]
  177 00000016                 EXPORT           USB_IRQHandler            [WEAK
]
  178 00000016                 EXPORT           CAN_IRQHandler            [WEAK
]
  179 00000016                 EXPORT           DMA_IRQHandler            [WEAK
]
  180 00000016                 EXPORT           I2S_IRQHandler            [WEAK
]
  181 00000016                 EXPORT           ENET_IRQHandler           [WEAK
]
  182 00000016                 EXPORT           RIT_IRQHandler            [WEAK
]
  183 00000016                 EXPORT           MCPWM_IRQHandler          [WEAK
]
  184 00000016                 EXPORT           QEI_IRQHandler            [WEAK
]
  185 00000016                 EXPORT           PLL1_IRQHandler           [WEAK
]
  186 00000016                 EXPORT           USBActivity_IRQHandler    [WEAK
]
  187 00000016                 EXPORT           CANActivity_IRQHandler    [WEAK
]
  188 00000016         
  189 00000016         WDT_IRQHandler
  190 00000016         TIMER0_IRQHandler
  191 00000016         TIMER1_IRQHandler
  192 00000016         TIMER2_IRQHandler
  193 00000016         TIMER3_IRQHandler
  194 00000016         UART0_IRQHandler
  195 00000016         UART1_IRQHandler
  196 00000016         UART2_IRQHandler
  197 00000016         UART3_IRQHandler
  198 00000016         PWM1_IRQHandler
  199 00000016         I2C0_IRQHandler
  200 00000016         I2C1_IRQHandler
  201 00000016         I2C2_IRQHandler
  202 00000016         SPI_IRQHandler
  203 00000016         SSP0_IRQHandler



ARM Macro Assembler    Page 6 


  204 00000016         SSP1_IRQHandler
  205 00000016         PLL0_IRQHandler
  206 00000016         RTC_IRQHandler
  207 00000016         EINT0_IRQHandler
  208 00000016         EINT1_IRQHandler
  209 00000016         EINT2_IRQHandler
  210 00000016         EINT3_IRQHandler
  211 00000016         ADC_IRQHandler
  212 00000016         BOD_IRQHandler
  213 00000016         USB_IRQHandler
  214 00000016         CAN_IRQHandler
  215 00000016         DMA_IRQHandler
  216 00000016         I2S_IRQHandler
  217 00000016         ENET_IRQHandler
  218 00000016         RIT_IRQHandler
  219 00000016         MCPWM_IRQHandler
  220 00000016         QEI_IRQHandler
  221 00000016         PLL1_IRQHandler
  222 00000016         USBActivity_IRQHandler
  223 00000016         CANActivity_IRQHandler
  224 00000016         
  225 00000016 E7FE            B                .
  226 00000018         
  227 00000018                 ENDP
  228 00000018         
  229 00000018         
  230 00000018                 ALIGN
  231 00000018         
  232 00000018         
  233 00000018         ; User Initial Stack & Heap
  234 00000018         
  235 00000018                 IF               :DEF:__MICROLIB
  242 00000018         
  243 00000018                 IMPORT           __use_two_region_memory
  244 00000018                 EXPORT           __user_initial_stackheap
  245 00000018         __user_initial_stackheap
  246 00000018         
  247 00000018 4803            LDR              R0, =  Heap_Mem
  248 0000001A 4904            LDR              R1, =(Stack_Mem + Stack_Size)
  249 0000001C 4A02            LDR              R2, = (Heap_Mem +  Heap_Size)
  250 0000001E 4B04            LDR              R3, = Stack_Mem
  251 00000020 4770            BX               LR
  252 00000022         
  253 00000022 00 00           ALIGN
  254 00000024         
  255 00000024                 ENDIF
  256 00000024         
  257 00000024         
  258 00000024                 END
              00000000 
              00000000 
              00003000 
              00000000 
Command Line: --debug --xref --diag_suppress=9931 --cpu=Cortex-M3 --apcs=interw
ork --depend=.\startup_lpc17xx.d -o.\startup_lpc17xx.o -I.\RTE\_Target_1 -IC:\U
sers\samuelepasquale\AppData\Local\Arm\Packs\ARM\CMSIS\5.9.0\CMSIS\Core\Include
 -IC:\Users\samuelepasquale\AppData\Local\Arm\Packs\Keil\LPC1700_DFP\2.7.1\Devi
ce\Include --predefine="__UVISION_VERSION SETA 536" --predefine="_RTE_ SETA 1" 
--predefine="LPC175x_6x SETA 1" --predefine="_RTE_ SETA 1" --list=.\startup_lpc



ARM Macro Assembler    Page 7 


17xx.lst startup_LPC17xx.s



ARM Macro Assembler    Page 1 Alphabetic symbol ordering
Relocatable symbols

STACK 00000000

Symbol: STACK
   Definitions
      At line 7 in file startup_LPC17xx.s
   Uses
      None
Comment: STACK unused
Stack_Mem 00000000

Symbol: Stack_Mem
   Definitions
      At line 8 in file startup_LPC17xx.s
   Uses
      At line 248 in file startup_LPC17xx.s
      At line 250 in file startup_LPC17xx.s

__initial_sp 00003000

Symbol: __initial_sp
   Definitions
      At line 9 in file startup_LPC17xx.s
   Uses
      At line 33 in file startup_LPC17xx.s
Comment: __initial_sp used once
3 symbols



ARM Macro Assembler    Page 1 Alphabetic symbol ordering
Relocatable symbols

HEAP 00000000

Symbol: HEAP
   Definitions
      At line 18 in file startup_LPC17xx.s
   Uses
      None
Comment: HEAP unused
Heap_Mem 00000000

Symbol: Heap_Mem
   Definitions
      At line 20 in file startup_LPC17xx.s
   Uses
      At line 247 in file startup_LPC17xx.s
      At line 249 in file startup_LPC17xx.s

__heap_base 00000000

Symbol: __heap_base
   Definitions
      At line 19 in file startup_LPC17xx.s
   Uses
      None
Comment: __heap_base unused
__heap_limit 00000000

Symbol: __heap_limit
   Definitions
      At line 21 in file startup_LPC17xx.s
   Uses
      None
Comment: __heap_limit unused
4 symbols



ARM Macro Assembler    Page 1 Alphabetic symbol ordering
Relocatable symbols

RESET 00000000

Symbol: RESET
   Definitions
      At line 30 in file startup_LPC17xx.s
   Uses
      None
Comment: RESET unused
__Vectors 00000000

Symbol: __Vectors
   Definitions
      At line 33 in file startup_LPC17xx.s
   Uses
      At line 31 in file startup_LPC17xx.s
Comment: __Vectors used once
2 symbols



ARM Macro Assembler    Page 1 Alphabetic symbol ordering
Relocatable symbols

.ARM.__at_0x02FC 00000000

Symbol: .ARM.__at_0x02FC
   Definitions
      At line 89 in file startup_LPC17xx.s
   Uses
      None
Comment: .ARM.__at_0x02FC unused
CRP_Key 00000000

Symbol: CRP_Key
   Definitions
      At line 90 in file startup_LPC17xx.s
   Uses
      None
Comment: CRP_Key unused
2 symbols



ARM Macro Assembler    Page 1 Alphabetic symbol ordering
Relocatable symbols

.text 00000000

Symbol: .text
   Definitions
      At line 94 in file startup_LPC17xx.s
   Uses
      None
Comment: .text unused
ADC_IRQHandler 00000016

Symbol: ADC_IRQHandler
   Definitions
      At line 211 in file startup_LPC17xx.s
   Uses
      At line 73 in file startup_LPC17xx.s
      At line 175 in file startup_LPC17xx.s

BOD_IRQHandler 00000016

Symbol: BOD_IRQHandler
   Definitions
      At line 212 in file startup_LPC17xx.s
   Uses
      At line 74 in file startup_LPC17xx.s
      At line 176 in file startup_LPC17xx.s

BusFault_Handler 0000000A

Symbol: BusFault_Handler
   Definitions
      At line 124 in file startup_LPC17xx.s
   Uses
      At line 38 in file startup_LPC17xx.s
      At line 125 in file startup_LPC17xx.s

CANActivity_IRQHandler 00000016

Symbol: CANActivity_IRQHandler
   Definitions
      At line 223 in file startup_LPC17xx.s
   Uses
      At line 85 in file startup_LPC17xx.s
      At line 187 in file startup_LPC17xx.s

CAN_IRQHandler 00000016

Symbol: CAN_IRQHandler
   Definitions
      At line 214 in file startup_LPC17xx.s
   Uses
      At line 76 in file startup_LPC17xx.s
      At line 178 in file startup_LPC17xx.s

DMA_IRQHandler 00000016

Symbol: DMA_IRQHandler
   Definitions
      At line 215 in file startup_LPC17xx.s
   Uses



ARM Macro Assembler    Page 2 Alphabetic symbol ordering
Relocatable symbols

      At line 77 in file startup_LPC17xx.s
      At line 179 in file startup_LPC17xx.s

DebugMon_Handler 00000010

Symbol: DebugMon_Handler
   Definitions
      At line 138 in file startup_LPC17xx.s
   Uses
      At line 45 in file startup_LPC17xx.s
      At line 139 in file startup_LPC17xx.s

Default_Handler 00000016

Symbol: Default_Handler
   Definitions
      At line 151 in file startup_LPC17xx.s
   Uses
      None
Comment: Default_Handler unused
EINT0_IRQHandler 00000016

Symbol: EINT0_IRQHandler
   Definitions
      At line 207 in file startup_LPC17xx.s
   Uses
      At line 69 in file startup_LPC17xx.s
      At line 171 in file startup_LPC17xx.s

EINT1_IRQHandler 00000016

Symbol: EINT1_IRQHandler
   Definitions
      At line 208 in file startup_LPC17xx.s
   Uses
      At line 70 in file startup_LPC17xx.s
      At line 172 in file startup_LPC17xx.s

EINT2_IRQHandler 00000016

Symbol: EINT2_IRQHandler
   Definitions
      At line 209 in file startup_LPC17xx.s
   Uses
      At line 71 in file startup_LPC17xx.s
      At line 173 in file startup_LPC17xx.s

EINT3_IRQHandler 00000016

Symbol: EINT3_IRQHandler
   Definitions
      At line 210 in file startup_LPC17xx.s
   Uses
      At line 72 in file startup_LPC17xx.s
      At line 174 in file startup_LPC17xx.s

ENET_IRQHandler 00000016

Symbol: ENET_IRQHandler



ARM Macro Assembler    Page 3 Alphabetic symbol ordering
Relocatable symbols

   Definitions
      At line 217 in file startup_LPC17xx.s
   Uses
      At line 79 in file startup_LPC17xx.s
      At line 181 in file startup_LPC17xx.s

HardFault_Handler 00000006

Symbol: HardFault_Handler
   Definitions
      At line 114 in file startup_LPC17xx.s
   Uses
      At line 36 in file startup_LPC17xx.s
      At line 115 in file startup_LPC17xx.s

I2C0_IRQHandler 00000016

Symbol: I2C0_IRQHandler
   Definitions
      At line 199 in file startup_LPC17xx.s
   Uses
      At line 61 in file startup_LPC17xx.s
      At line 163 in file startup_LPC17xx.s

I2C1_IRQHandler 00000016

Symbol: I2C1_IRQHandler
   Definitions
      At line 200 in file startup_LPC17xx.s
   Uses
      At line 62 in file startup_LPC17xx.s
      At line 164 in file startup_LPC17xx.s

I2C2_IRQHandler 00000016

Symbol: I2C2_IRQHandler
   Definitions
      At line 201 in file startup_LPC17xx.s
   Uses
      At line 63 in file startup_LPC17xx.s
      At line 165 in file startup_LPC17xx.s

I2S_IRQHandler 00000016

Symbol: I2S_IRQHandler
   Definitions
      At line 216 in file startup_LPC17xx.s
   Uses
      At line 78 in file startup_LPC17xx.s
      At line 180 in file startup_LPC17xx.s

MCPWM_IRQHandler 00000016

Symbol: MCPWM_IRQHandler
   Definitions
      At line 219 in file startup_LPC17xx.s
   Uses
      At line 81 in file startup_LPC17xx.s
      At line 183 in file startup_LPC17xx.s



ARM Macro Assembler    Page 4 Alphabetic symbol ordering
Relocatable symbols


MemManage_Handler 00000008

Symbol: MemManage_Handler
   Definitions
      At line 119 in file startup_LPC17xx.s
   Uses
      At line 37 in file startup_LPC17xx.s
      At line 120 in file startup_LPC17xx.s

NMI_Handler 00000004

Symbol: NMI_Handler
   Definitions
      At line 109 in file startup_LPC17xx.s
   Uses
      At line 35 in file startup_LPC17xx.s
      At line 110 in file startup_LPC17xx.s

PLL0_IRQHandler 00000016

Symbol: PLL0_IRQHandler
   Definitions
      At line 205 in file startup_LPC17xx.s
   Uses
      At line 67 in file startup_LPC17xx.s
      At line 169 in file startup_LPC17xx.s

PLL1_IRQHandler 00000016

Symbol: PLL1_IRQHandler
   Definitions
      At line 221 in file startup_LPC17xx.s
   Uses
      At line 83 in file startup_LPC17xx.s
      At line 185 in file startup_LPC17xx.s

PWM1_IRQHandler 00000016

Symbol: PWM1_IRQHandler
   Definitions
      At line 198 in file startup_LPC17xx.s
   Uses
      At line 60 in file startup_LPC17xx.s
      At line 162 in file startup_LPC17xx.s

PendSV_Handler 00000012

Symbol: PendSV_Handler
   Definitions
      At line 142 in file startup_LPC17xx.s
   Uses
      At line 47 in file startup_LPC17xx.s
      At line 143 in file startup_LPC17xx.s

QEI_IRQHandler 00000016

Symbol: QEI_IRQHandler
   Definitions



ARM Macro Assembler    Page 5 Alphabetic symbol ordering
Relocatable symbols

      At line 220 in file startup_LPC17xx.s
   Uses
      At line 82 in file startup_LPC17xx.s
      At line 184 in file startup_LPC17xx.s

RIT_IRQHandler 00000016

Symbol: RIT_IRQHandler
   Definitions
      At line 218 in file startup_LPC17xx.s
   Uses
      At line 80 in file startup_LPC17xx.s
      At line 182 in file startup_LPC17xx.s

RTC_IRQHandler 00000016

Symbol: RTC_IRQHandler
   Definitions
      At line 206 in file startup_LPC17xx.s
   Uses
      At line 68 in file startup_LPC17xx.s
      At line 170 in file startup_LPC17xx.s

Reset_Handler 00000000

Symbol: Reset_Handler
   Definitions
      At line 99 in file startup_LPC17xx.s
   Uses
      At line 34 in file startup_LPC17xx.s
      At line 100 in file startup_LPC17xx.s

SPI_IRQHandler 00000016

Symbol: SPI_IRQHandler
   Definitions
      At line 202 in file startup_LPC17xx.s
   Uses
      At line 64 in file startup_LPC17xx.s
      At line 166 in file startup_LPC17xx.s

SSP0_IRQHandler 00000016

Symbol: SSP0_IRQHandler
   Definitions
      At line 203 in file startup_LPC17xx.s
   Uses
      At line 65 in file startup_LPC17xx.s
      At line 167 in file startup_LPC17xx.s

SSP1_IRQHandler 00000016

Symbol: SSP1_IRQHandler
   Definitions
      At line 204 in file startup_LPC17xx.s
   Uses
      At line 66 in file startup_LPC17xx.s
      At line 168 in file startup_LPC17xx.s




ARM Macro Assembler    Page 6 Alphabetic symbol ordering
Relocatable symbols

SVC_Handler 0000000E

Symbol: SVC_Handler
   Definitions
      At line 133 in file startup_LPC17xx.s
   Uses
      At line 44 in file startup_LPC17xx.s
      At line 134 in file startup_LPC17xx.s

SysTick_Handler 00000014

Symbol: SysTick_Handler
   Definitions
      At line 146 in file startup_LPC17xx.s
   Uses
      At line 48 in file startup_LPC17xx.s
      At line 147 in file startup_LPC17xx.s

TIMER0_IRQHandler 00000016

Symbol: TIMER0_IRQHandler
   Definitions
      At line 190 in file startup_LPC17xx.s
   Uses
      At line 52 in file startup_LPC17xx.s
      At line 154 in file startup_LPC17xx.s

TIMER1_IRQHandler 00000016

Symbol: TIMER1_IRQHandler
   Definitions
      At line 191 in file startup_LPC17xx.s
   Uses
      At line 53 in file startup_LPC17xx.s
      At line 155 in file startup_LPC17xx.s

TIMER2_IRQHandler 00000016

Symbol: TIMER2_IRQHandler
   Definitions
      At line 192 in file startup_LPC17xx.s
   Uses
      At line 54 in file startup_LPC17xx.s
      At line 156 in file startup_LPC17xx.s

TIMER3_IRQHandler 00000016

Symbol: TIMER3_IRQHandler
   Definitions
      At line 193 in file startup_LPC17xx.s
   Uses
      At line 55 in file startup_LPC17xx.s
      At line 157 in file startup_LPC17xx.s

UART0_IRQHandler 00000016

Symbol: UART0_IRQHandler
   Definitions
      At line 194 in file startup_LPC17xx.s



ARM Macro Assembler    Page 7 Alphabetic symbol ordering
Relocatable symbols

   Uses
      At line 56 in file startup_LPC17xx.s
      At line 158 in file startup_LPC17xx.s

UART1_IRQHandler 00000016

Symbol: UART1_IRQHandler
   Definitions
      At line 195 in file startup_LPC17xx.s
   Uses
      At line 57 in file startup_LPC17xx.s
      At line 159 in file startup_LPC17xx.s

UART2_IRQHandler 00000016

Symbol: UART2_IRQHandler
   Definitions
      At line 196 in file startup_LPC17xx.s
   Uses
      At line 58 in file startup_LPC17xx.s
      At line 160 in file startup_LPC17xx.s

UART3_IRQHandler 00000016

Symbol: UART3_IRQHandler
   Definitions
      At line 197 in file startup_LPC17xx.s
   Uses
      At line 59 in file startup_LPC17xx.s
      At line 161 in file startup_LPC17xx.s

USBActivity_IRQHandler 00000016

Symbol: USBActivity_IRQHandler
   Definitions
      At line 222 in file startup_LPC17xx.s
   Uses
      At line 84 in file startup_LPC17xx.s
      At line 186 in file startup_LPC17xx.s

USB_IRQHandler 00000016

Symbol: USB_IRQHandler
   Definitions
      At line 213 in file startup_LPC17xx.s
   Uses
      At line 75 in file startup_LPC17xx.s
      At line 177 in file startup_LPC17xx.s

UsageFault_Handler 0000000C

Symbol: UsageFault_Handler
   Definitions
      At line 129 in file startup_LPC17xx.s
   Uses
      At line 39 in file startup_LPC17xx.s
      At line 130 in file startup_LPC17xx.s

WDT_IRQHandler 00000016



ARM Macro Assembler    Page 8 Alphabetic symbol ordering
Relocatable symbols


Symbol: WDT_IRQHandler
   Definitions
      At line 189 in file startup_LPC17xx.s
   Uses
      At line 51 in file startup_LPC17xx.s
      At line 153 in file startup_LPC17xx.s

__user_initial_stackheap 00000018

Symbol: __user_initial_stackheap
   Definitions
      At line 245 in file startup_LPC17xx.s
   Uses
      At line 244 in file startup_LPC17xx.s
Comment: __user_initial_stackheap used once
48 symbols



ARM Macro Assembler    Page 1 Alphabetic symbol ordering
Absolute symbols

Heap_Size 00000000

Symbol: Heap_Size
   Definitions
      At line 16 in file startup_LPC17xx.s
   Uses
      At line 20 in file startup_LPC17xx.s
      At line 249 in file startup_LPC17xx.s

Stack_Size 00003000

Symbol: Stack_Size
   Definitions
      At line 5 in file startup_LPC17xx.s
   Uses
      At line 8 in file startup_LPC17xx.s
      At line 248 in file startup_LPC17xx.s

2 symbols



ARM Macro Assembler    Page 1 Alphabetic symbol ordering
External symbols

__main 00000000

Symbol: __main
   Definitions
      At line 101 in file startup_LPC17xx.s
   Uses
      At line 102 in file startup_LPC17xx.s
Comment: __main used once
__use_two_region_memory 00000000

Symbol: __use_two_region_memory
   Definitions
      At line 243 in file startup_LPC17xx.s
   Uses
      None
Comment: __use_two_region_memory unused
2 symbols
402 symbols in table
